25/04/2024 11:14:03 PM DEBUG [connection_db.py: 26] CONEXION A DB EXITOSA: <connection object at 0x0000020086ABA790; dsn: 'user=postgres password=xxx dbname=CONTROL_ESCOLAR host=localhost port=5432', closed: 0>
25/04/2024 11:14:52 PM DEBUG [connection_db.py: 26] CONEXION A DB EXITOSA: <connection object at 0x000001C3D089A9B0; dsn: 'user=postgres password=xxx dbname=CONTROL_ESCOLAR host=localhost port=5432', closed: 0>
25/04/2024 11:15:47 PM DEBUG [connection_db.py: 26] CONEXION A DB EXITOSA: <connection object at 0x00000268674629B0; dsn: 'user=postgres password=xxx dbname=CONTROL_ESCOLAR host=localhost port=5432', closed: 0>
25/04/2024 11:18:11 PM DEBUG [connection_db.py: 26] CONEXION A DB EXITOSA: <connection object at 0x0000027774E329B0; dsn: 'user=postgres password=xxx dbname=CONTROL_ESCOLAR host=localhost port=5432', closed: 0>
25/04/2024 11:21:00 PM DEBUG [connection_db.py: 26] CONEXION A DB EXITOSA: <connection object at 0x0000020E146429B0; dsn: 'user=postgres password=xxx dbname=CONTROL_ESCOLAR host=localhost port=5432', closed: 0>
25/04/2024 11:25:46 PM DEBUG [connection_db.py: 26] CONEXION A DB EXITOSA: <connection object at 0x000002065061A9B0; dsn: 'user=postgres password=xxx dbname=CONTROL_ESCOLAR host=localhost port=5432', closed: 0>
25/04/2024 11:26:15 PM DEBUG [connection_db.py: 26] CONEXION A DB EXITOSA: <connection object at 0x0000014C864EA9B0; dsn: 'user=postgres password=xxx dbname=CONTROL_ESCOLAR host=localhost port=5432', closed: 0>
25/04/2024 11:31:30 PM DEBUG [connection_db.py: 26] CONEXION A DB EXITOSA: <connection object at 0x0000018EC0C6AAC0; dsn: 'user=postgres password=xxx dbname=CONTROL_ESCOLAR host=localhost port=5432', closed: 0>
25/04/2024 11:33:38 PM DEBUG [connection_db.py: 26] CONEXION A DB EXITOSA: <connection object at 0x0000023AE9E2EAC0; dsn: 'user=postgres password=xxx dbname=CONTROL_ESCOLAR host=localhost port=5432', closed: 0>
25/04/2024 11:34:12 PM DEBUG [connection_db.py: 26] CONEXION A DB EXITOSA: <connection object at 0x00000216F5EFEAC0; dsn: 'user=postgres password=xxx dbname=CONTROL_ESCOLAR host=localhost port=5432', closed: 0>
26/04/2024 12:17:05 AM DEBUG [connection_db.py: 26] CONEXION A DB EXITOSA: <connection object at 0x000001C877E786A0; dsn: 'user=postgres password=xxx dbname=CONTROL_ESCOLAR host=localhost port=5432', closed: 0>
26/04/2024 12:17:33 AM DEBUG [connection_db.py: 26] CONEXION A DB EXITOSA: <connection object at 0x0000022CA3A886A0; dsn: 'user=postgres password=xxx dbname=CONTROL_ESCOLAR host=localhost port=5432', closed: 0>
26/04/2024 12:17:45 AM DEBUG [connection_db.py: 26] CONEXION A DB EXITOSA: <connection object at 0x00000227E19F86A0; dsn: 'user=postgres password=xxx dbname=CONTROL_ESCOLAR host=localhost port=5432', closed: 0>
26/04/2024 12:17:52 AM DEBUG [connection_db.py: 26] CONEXION A DB EXITOSA: <connection object at 0x00000221519C86A0; dsn: 'user=postgres password=xxx dbname=CONTROL_ESCOLAR host=localhost port=5432', closed: 0>
26/04/2024 12:18:22 AM DEBUG [connection_db.py: 26] CONEXION A DB EXITOSA: <connection object at 0x000002529E8B86A0; dsn: 'user=postgres password=xxx dbname=CONTROL_ESCOLAR host=localhost port=5432', closed: 0>
26/04/2024 12:18:28 AM DEBUG [connection_db.py: 26] CONEXION A DB EXITOSA: <connection object at 0x0000027FDFCB86A0; dsn: 'user=postgres password=xxx dbname=CONTROL_ESCOLAR host=localhost port=5432', closed: 0>
26/04/2024 12:18:43 AM DEBUG [connection_db.py: 26] CONEXION A DB EXITOSA: <connection object at 0x000001E4681286A0; dsn: 'user=postgres password=xxx dbname=CONTROL_ESCOLAR host=localhost port=5432', closed: 0>
26/04/2024 12:18:58 AM DEBUG [connection_db.py: 26] CONEXION A DB EXITOSA: <connection object at 0x0000026A3A6686A0; dsn: 'user=postgres password=xxx dbname=CONTROL_ESCOLAR host=localhost port=5432', closed: 0>
26/04/2024 12:19:04 AM DEBUG [connection_db.py: 26] CONEXION A DB EXITOSA: <connection object at 0x000001E124BF86A0; dsn: 'user=postgres password=xxx dbname=CONTROL_ESCOLAR host=localhost port=5432', closed: 0>
26/04/2024 12:19:16 AM DEBUG [connection_db.py: 26] CONEXION A DB EXITOSA: <connection object at 0x000001C7CD7286A0; dsn: 'user=postgres password=xxx dbname=CONTROL_ESCOLAR host=localhost port=5432', closed: 0>
26/04/2024 12:19:39 AM DEBUG [connection_db.py: 26] CONEXION A DB EXITOSA: <connection object at 0x0000024E059686A0; dsn: 'user=postgres password=xxx dbname=CONTROL_ESCOLAR host=localhost port=5432', closed: 0>
26/04/2024 12:20:05 AM DEBUG [connection_db.py: 26] CONEXION A DB EXITOSA: <connection object at 0x00000242019286A0; dsn: 'user=postgres password=xxx dbname=CONTROL_ESCOLAR host=localhost port=5432', closed: 0>
26/04/2024 12:21:07 AM DEBUG [connection_db.py: 26] CONEXION A DB EXITOSA: <connection object at 0x0000029E894886A0; dsn: 'user=postgres password=xxx dbname=CONTROL_ESCOLAR host=localhost port=5432', closed: 0>
26/04/2024 12:37:39 AM DEBUG [connection_db.py: 26] CONEXION A DB EXITOSA: <connection object at 0x00000213B1BEC6A0; dsn: 'user=postgres password=xxx dbname=CONTROL_ESCOLAR host=localhost port=5432', closed: 0>
26/04/2024 12:38:07 AM DEBUG [connection_db.py: 26] CONEXION A DB EXITOSA: <connection object at 0x000001835C9CC6A0; dsn: 'user=postgres password=xxx dbname=CONTROL_ESCOLAR host=localhost port=5432', closed: 0>
26/04/2024 12:38:36 AM DEBUG [connection_db.py: 26] CONEXION A DB EXITOSA: <connection object at 0x000002A44E12C6A0; dsn: 'user=postgres password=xxx dbname=CONTROL_ESCOLAR host=localhost port=5432', closed: 0>
26/04/2024 12:39:50 AM DEBUG [connection_db.py: 26] CONEXION A DB EXITOSA: <connection object at 0x000002696E0DC6A0; dsn: 'user=postgres password=xxx dbname=CONTROL_ESCOLAR host=localhost port=5432', closed: 0>
26/04/2024 12:40:44 AM DEBUG [connection_db.py: 26] CONEXION A DB EXITOSA: <connection object at 0x00000217958F46A0; dsn: 'user=postgres password=xxx dbname=CONTROL_ESCOLAR host=localhost port=5432', closed: 0>
26/04/2024 12:41:26 AM DEBUG [connection_db.py: 26] CONEXION A DB EXITOSA: <connection object at 0x000002315F4F86A0; dsn: 'user=postgres password=xxx dbname=CONTROL_ESCOLAR host=localhost port=5432', closed: 0>
26/04/2024 01:04:19 AM DEBUG [connection_db.py: 26] CONEXION A DB EXITOSA: <connection object at 0x000001D074B146A0; dsn: 'user=postgres password=xxx dbname=CONTROL_ESCOLAR host=localhost port=5432', closed: 0>
26/04/2024 01:11:03 AM DEBUG [connection_db.py: 26] CONEXION A DB EXITOSA: <connection object at 0x000001E8D0E786A0; dsn: 'user=postgres password=xxx dbname=CONTROL_ESCOLAR host=localhost port=5432', closed: 0>
26/04/2024 01:11:40 AM DEBUG [connection_db.py: 26] CONEXION A DB EXITOSA: <connection object at 0x0000016C1AE386A0; dsn: 'user=postgres password=xxx dbname=CONTROL_ESCOLAR host=localhost port=5432', closed: 0>
26/04/2024 01:14:18 AM DEBUG [connection_db.py: 26] CONEXION A DB EXITOSA: <connection object at 0x00000207FF7386A0; dsn: 'user=postgres password=xxx dbname=CONTROL_ESCOLAR host=localhost port=5432', closed: 0>
26/04/2024 01:17:05 AM DEBUG [connection_db.py: 26] CONEXION A DB EXITOSA: <connection object at 0x0000019E5D9246A0; dsn: 'user=postgres password=xxx dbname=CONTROL_ESCOLAR host=localhost port=5432', closed: 0>
26/04/2024 01:18:34 AM DEBUG [connection_db.py: 26] CONEXION A DB EXITOSA: <connection object at 0x0000024CD6C246A0; dsn: 'user=postgres password=xxx dbname=CONTROL_ESCOLAR host=localhost port=5432', closed: 0>
26/04/2024 01:21:23 AM DEBUG [connection_db.py: 26] CONEXION A DB EXITOSA: <connection object at 0x0000022AE86146A0; dsn: 'user=postgres password=xxx dbname=CONTROL_ESCOLAR host=localhost port=5432', closed: 0>
26/04/2024 01:59:44 AM DEBUG [connection_db.py: 26] CONEXION A DB EXITOSA: <connection object at 0x0000022F8969C6A0; dsn: 'user=postgres password=xxx dbname=CONTROL_ESCOLAR host=localhost port=5432', closed: 0>
26/04/2024 02:21:53 AM DEBUG [connection_db.py: 26] CONEXION A DB EXITOSA: <connection object at 0x000001B6C4C906A0; dsn: 'user=postgres password=xxx dbname=CONTROL_ESCOLAR host=localhost port=5432', closed: 0>
26/04/2024 02:24:33 AM DEBUG [connection_db.py: 26] CONEXION A DB EXITOSA: <connection object at 0x000002239A1B06A0; dsn: 'user=postgres password=xxx dbname=CONTROL_ESCOLAR host=localhost port=5432', closed: 0>
26/04/2024 02:25:31 AM DEBUG [connection_db.py: 26] CONEXION A DB EXITOSA: <connection object at 0x000001E2AD5D06A0; dsn: 'user=postgres password=xxx dbname=CONTROL_ESCOLAR host=localhost port=5432', closed: 0>
26/04/2024 02:26:19 AM DEBUG [connection_db.py: 26] CONEXION A DB EXITOSA: <connection object at 0x0000020BC81206A0; dsn: 'user=postgres password=xxx dbname=CONTROL_ESCOLAR host=localhost port=5432', closed: 0>
26/04/2024 02:27:48 AM DEBUG [connection_db.py: 26] CONEXION A DB EXITOSA: <connection object at 0x000001778B3606A0; dsn: 'user=postgres password=xxx dbname=CONTROL_ESCOLAR host=localhost port=5432', closed: 0>
26/04/2024 02:28:23 AM DEBUG [connection_db.py: 26] CONEXION A DB EXITOSA: <connection object at 0x0000021184D806A0; dsn: 'user=postgres password=xxx dbname=CONTROL_ESCOLAR host=localhost port=5432', closed: 0>
26/04/2024 02:29:26 AM DEBUG [connection_db.py: 26] CONEXION A DB EXITOSA: <connection object at 0x000001362E7906A0; dsn: 'user=postgres password=xxx dbname=CONTROL_ESCOLAR host=localhost port=5432', closed: 0>
26/04/2024 02:31:18 AM DEBUG [connection_db.py: 26] CONEXION A DB EXITOSA: <connection object at 0x000001A5416C06A0; dsn: 'user=postgres password=xxx dbname=CONTROL_ESCOLAR host=localhost port=5432', closed: 0>
26/04/2024 02:32:00 AM DEBUG [connection_db.py: 26] CONEXION A DB EXITOSA: <connection object at 0x000001F38E4F06A0; dsn: 'user=postgres password=xxx dbname=CONTROL_ESCOLAR host=localhost port=5432', closed: 0>
26/04/2024 02:34:27 AM DEBUG [connection_db.py: 26] CONEXION A DB EXITOSA: <connection object at 0x000002139F7C06A0; dsn: 'user=postgres password=xxx dbname=CONTROL_ESCOLAR host=localhost port=5432', closed: 0>
26/04/2024 02:36:36 AM DEBUG [connection_db.py: 26] CONEXION A DB EXITOSA: <connection object at 0x000001FBA90006A0; dsn: 'user=postgres password=xxx dbname=CONTROL_ESCOLAR host=localhost port=5432', closed: 0>
26/04/2024 02:37:24 AM DEBUG [connection_db.py: 26] CONEXION A DB EXITOSA: <connection object at 0x000001E6973E06A0; dsn: 'user=postgres password=xxx dbname=CONTROL_ESCOLAR host=localhost port=5432', closed: 0>
26/04/2024 02:39:30 AM DEBUG [connection_db.py: 26] CONEXION A DB EXITOSA: <connection object at 0x000001F229C906A0; dsn: 'user=postgres password=xxx dbname=CONTROL_ESCOLAR host=localhost port=5432', closed: 0>
26/04/2024 11:14:20 AM DEBUG [connection_db.py: 26] CONEXION A DB EXITOSA: <connection object at 0x000001F59D52AAC0; dsn: 'user=postgres password=xxx dbname=CONTROL_ESCOLAR host=localhost port=5432', closed: 0>
26/04/2024 11:15:20 AM DEBUG [connection_db.py: 26] CONEXION A DB EXITOSA: <connection object at 0x0000023B0EF606A0; dsn: 'user=postgres password=xxx dbname=CONTROL_ESCOLAR host=localhost port=5432', closed: 0>
26/04/2024 11:19:47 AM DEBUG [connection_db.py: 26] CONEXION A DB EXITOSA: <connection object at 0x00000183202706A0; dsn: 'user=postgres password=xxx dbname=CONTROL_ESCOLAR host=localhost port=5432', closed: 0>
26/04/2024 11:27:36 AM DEBUG [connection_db.py: 26] CONEXION A DB EXITOSA: <connection object at 0x000001E2071347B0; dsn: 'user=postgres password=xxx dbname=CONTROL_ESCOLAR host=localhost port=5432', closed: 0>
26/04/2024 11:28:10 AM DEBUG [connection_db.py: 26] CONEXION A DB EXITOSA: <connection object at 0x00000210FBA006A0; dsn: 'user=postgres password=xxx dbname=CONTROL_ESCOLAR host=localhost port=5432', closed: 0>
26/04/2024 11:34:22 AM DEBUG [connection_db.py: 26] CONEXION A DB EXITOSA: <connection object at 0x000002115CD909D0; dsn: 'user=postgres password=xxx dbname=CONTROL_ESCOLAR host=localhost port=5432', closed: 0>
26/04/2024 11:37:30 AM DEBUG [connection_db.py: 26] CONEXION A DB EXITOSA: <connection object at 0x00000254ACC809D0; dsn: 'user=postgres password=xxx dbname=CONTROL_ESCOLAR host=localhost port=5432', closed: 0>
26/04/2024 11:39:58 AM DEBUG [connection_db.py: 26] CONEXION A DB EXITOSA: <connection object at 0x0000018D264509D0; dsn: 'user=postgres password=xxx dbname=CONTROL_ESCOLAR host=localhost port=5432', closed: 0>
26/04/2024 11:40:33 AM DEBUG [connection_db.py: 26] CONEXION A DB EXITOSA: <connection object at 0x00000219362809D0; dsn: 'user=postgres password=xxx dbname=CONTROL_ESCOLAR host=localhost port=5432', closed: 0>
01/05/2024 11:34:56 AM ERROR [connection_db.py: 29] FALLA EN LA CONEXION: 'utf-8' codec can't decode byte 0xf3 in position 85: invalid continuation byte
01/05/2024 11:35:42 AM ERROR [connection_db.py: 29] FALLA EN LA CONEXION: 'utf-8' codec can't decode byte 0xf3 in position 85: invalid continuation byte
04/05/2024 12:17:00 PM ERROR [connection_db.py: 29] FALLA EN LA CONEXION: 'utf-8' codec can't decode byte 0xf3 in position 85: invalid continuation byte
04/05/2024 12:29:10 PM ERROR [connection_db.py: 29] FALLA EN LA CONEXION: 'utf-8' codec can't decode byte 0xf3 in position 85: invalid continuation byte
04/05/2024 12:37:17 PM ERROR [connection_db.py: 29] FALLA EN LA CONEXION: 'utf-8' codec can't decode byte 0xf3 in position 85: invalid continuation byte
04/05/2024 12:37:22 PM ERROR [connection_db.py: 29] FALLA EN LA CONEXION: 'utf-8' codec can't decode byte 0xf3 in position 85: invalid continuation byte
04/05/2024 12:42:05 PM ERROR [connection_db.py: 29] FALLA EN LA CONEXION: 'utf-8' codec can't decode byte 0xf3 in position 85: invalid continuation byte
04/05/2024 12:42:56 PM ERROR [connection_db.py: 29] FALLA EN LA CONEXION: 'utf-8' codec can't decode byte 0xf3 in position 85: invalid continuation byte
04/05/2024 12:54:36 PM DEBUG [connection_db.py: 26] CONEXION A DB EXITOSA: <connection object at 0x000002777D932790; dsn: 'user=postgres password=xxx dbname=CONTROL_ESCOLAR host=localhost port=5432', closed: 0>
04/05/2024 12:54:36 PM DEBUG [connection_db.py: 39] CURSOR CREADO: <cursor object at 0x000002777D961D20; closed: 0>
04/05/2024 12:54:36 PM DEBUG [connection_db.py: 50] CONEXION CERRADA
04/05/2024 01:02:13 PM DEBUG [connection_db.py: 26] CONEXION A DB EXITOSA: <connection object at 0x000002220D7B8150; dsn: 'user=postgres password=xxx dbname=CONTROL_ESCOLAR host=localhost port=5432', closed: 0>
04/05/2024 01:02:28 PM DEBUG [connection_db.py: 26] CONEXION A DB EXITOSA: <connection object at 0x0000026DA53ABDE0; dsn: 'user=postgres password=xxx dbname=CONTROL_ESCOLAR host=localhost port=5432', closed: 0>
04/05/2024 01:30:56 PM DEBUG [connection_db.py: 26] CONEXION A DB EXITOSA: <connection object at 0x0000029FC049FCD0; dsn: 'user=postgres password=xxx dbname=CONTROL_ESCOLAR host=localhost port=5432', closed: 0>
04/05/2024 01:31:48 PM DEBUG [connection_db.py: 26] CONEXION A DB EXITOSA: <connection object at 0x0000027DDB04BCD0; dsn: 'user=postgres password=xxx dbname=CONTROL_ESCOLAR host=localhost port=5432', closed: 0>
04/05/2024 01:32:35 PM DEBUG [connection_db.py: 26] CONEXION A DB EXITOSA: <connection object at 0x0000029AB2A1BCD0; dsn: 'user=postgres password=xxx dbname=CONTROL_ESCOLAR host=localhost port=5432', closed: 0>
04/05/2024 01:32:50 PM DEBUG [connection_db.py: 26] CONEXION A DB EXITOSA: <connection object at 0x0000019CD86CBCD0; dsn: 'user=postgres password=xxx dbname=CONTROL_ESCOLAR host=localhost port=5432', closed: 0>
04/05/2024 01:33:01 PM DEBUG [connection_db.py: 26] CONEXION A DB EXITOSA: <connection object at 0x00000220D9F0BCD0; dsn: 'user=postgres password=xxx dbname=CONTROL_ESCOLAR host=localhost port=5432', closed: 0>
04/05/2024 01:34:19 PM DEBUG [connection_db.py: 26] CONEXION A DB EXITOSA: <connection object at 0x0000016D01F1BCD0; dsn: 'user=postgres password=xxx dbname=CONTROL_ESCOLAR host=localhost port=5432', closed: 0>
04/05/2024 01:36:56 PM DEBUG [connection_db.py: 26] CONEXION A DB EXITOSA: <connection object at 0x00000233FD10BCD0; dsn: 'user=postgres password=xxx dbname=CONTROL_ESCOLAR host=localhost port=5432', closed: 0>
04/05/2024 01:37:13 PM DEBUG [connection_db.py: 26] CONEXION A DB EXITOSA: <connection object at 0x0000018C8314BCD0; dsn: 'user=postgres password=xxx dbname=CONTROL_ESCOLAR host=localhost port=5432', closed: 0>
04/05/2024 01:38:56 PM DEBUG [connection_db.py: 26] CONEXION A DB EXITOSA: <connection object at 0x0000026EB555BCD0; dsn: 'user=postgres password=xxx dbname=CONTROL_ESCOLAR host=localhost port=5432', closed: 0>
04/05/2024 01:38:59 PM DEBUG [connection_db.py: 26] CONEXION A DB EXITOSA: <connection object at 0x000001A9897DBCD0; dsn: 'user=postgres password=xxx dbname=CONTROL_ESCOLAR host=localhost port=5432', closed: 0>
04/05/2024 01:39:16 PM DEBUG [connection_db.py: 26] CONEXION A DB EXITOSA: <connection object at 0x000001E80361BCD0; dsn: 'user=postgres password=xxx dbname=CONTROL_ESCOLAR host=localhost port=5432', closed: 0>
04/05/2024 01:40:21 PM DEBUG [connection_db.py: 26] CONEXION A DB EXITOSA: <connection object at 0x00000195650BBCD0; dsn: 'user=postgres password=xxx dbname=CONTROL_ESCOLAR host=localhost port=5432', closed: 0>
04/05/2024 01:40:57 PM DEBUG [connection_db.py: 26] CONEXION A DB EXITOSA: <connection object at 0x000001EBCFB8BCD0; dsn: 'user=postgres password=xxx dbname=CONTROL_ESCOLAR host=localhost port=5432', closed: 0>
04/05/2024 01:41:25 PM DEBUG [connection_db.py: 26] CONEXION A DB EXITOSA: <connection object at 0x0000013ACBCABCD0; dsn: 'user=postgres password=xxx dbname=CONTROL_ESCOLAR host=localhost port=5432', closed: 0>
04/05/2024 01:41:38 PM DEBUG [connection_db.py: 26] CONEXION A DB EXITOSA: <connection object at 0x0000019ADF70BCD0; dsn: 'user=postgres password=xxx dbname=CONTROL_ESCOLAR host=localhost port=5432', closed: 0>
04/05/2024 01:42:20 PM DEBUG [connection_db.py: 26] CONEXION A DB EXITOSA: <connection object at 0x0000019B707BBCD0; dsn: 'user=postgres password=xxx dbname=CONTROL_ESCOLAR host=localhost port=5432', closed: 0>
04/05/2024 01:44:30 PM DEBUG [connection_db.py: 26] CONEXION A DB EXITOSA: <connection object at 0x000001F7FB70BCD0; dsn: 'user=postgres password=xxx dbname=CONTROL_ESCOLAR host=localhost port=5432', closed: 0>
04/05/2024 01:44:42 PM DEBUG [connection_db.py: 26] CONEXION A DB EXITOSA: <connection object at 0x0000029FF076BCD0; dsn: 'user=postgres password=xxx dbname=CONTROL_ESCOLAR host=localhost port=5432', closed: 0>
04/05/2024 01:45:07 PM DEBUG [connection_db.py: 26] CONEXION A DB EXITOSA: <connection object at 0x000002102DFBBCD0; dsn: 'user=postgres password=xxx dbname=CONTROL_ESCOLAR host=localhost port=5432', closed: 0>
04/05/2024 01:45:17 PM DEBUG [connection_db.py: 26] CONEXION A DB EXITOSA: <connection object at 0x000001E1B29FBDE0; dsn: 'user=postgres password=xxx dbname=CONTROL_ESCOLAR host=localhost port=5432', closed: 0>
04/05/2024 01:45:31 PM DEBUG [connection_db.py: 26] CONEXION A DB EXITOSA: <connection object at 0x0000027BD9BEBCD0; dsn: 'user=postgres password=xxx dbname=CONTROL_ESCOLAR host=localhost port=5432', closed: 0>
04/05/2024 01:45:53 PM DEBUG [connection_db.py: 26] CONEXION A DB EXITOSA: <connection object at 0x00000239A32EBCD0; dsn: 'user=postgres password=xxx dbname=CONTROL_ESCOLAR host=localhost port=5432', closed: 0>
04/05/2024 01:46:01 PM DEBUG [connection_db.py: 26] CONEXION A DB EXITOSA: <connection object at 0x000002345505BCD0; dsn: 'user=postgres password=xxx dbname=CONTROL_ESCOLAR host=localhost port=5432', closed: 0>
04/05/2024 01:46:18 PM DEBUG [connection_db.py: 26] CONEXION A DB EXITOSA: <connection object at 0x0000019192DEBDE0; dsn: 'user=postgres password=xxx dbname=CONTROL_ESCOLAR host=localhost port=5432', closed: 0>
04/05/2024 01:53:08 PM DEBUG [connection_db.py: 26] CONEXION A DB EXITOSA: <connection object at 0x000002777FA4BDE0; dsn: 'user=postgres password=xxx dbname=CONTROL_ESCOLAR host=localhost port=5432', closed: 0>
04/05/2024 01:58:01 PM DEBUG [connection_db.py: 26] CONEXION A DB EXITOSA: <connection object at 0x000002342B23BDE0; dsn: 'user=postgres password=xxx dbname=CONTROL_ESCOLAR host=localhost port=5432', closed: 0>
04/05/2024 01:58:49 PM DEBUG [connection_db.py: 26] CONEXION A DB EXITOSA: <connection object at 0x000002D1517ABCD0; dsn: 'user=postgres password=xxx dbname=CONTROL_ESCOLAR host=localhost port=5432', closed: 0>
04/05/2024 02:08:15 PM DEBUG [connection_db.py: 26] CONEXION A DB EXITOSA: <connection object at 0x00000233556BBCD0; dsn: 'user=postgres password=xxx dbname=CONTROL_ESCOLAR host=localhost port=5432', closed: 0>
04/05/2024 02:09:38 PM DEBUG [connection_db.py: 26] CONEXION A DB EXITOSA: <connection object at 0x000001F817E6BDE0; dsn: 'user=postgres password=xxx dbname=CONTROL_ESCOLAR host=localhost port=5432', closed: 0>
04/05/2024 02:12:40 PM DEBUG [connection_db.py: 26] CONEXION A DB EXITOSA: <connection object at 0x0000020245FBBCD0; dsn: 'user=postgres password=xxx dbname=CONTROL_ESCOLAR host=localhost port=5432', closed: 0>
04/05/2024 02:13:50 PM DEBUG [connection_db.py: 26] CONEXION A DB EXITOSA: <connection object at 0x00000226EA42BCD0; dsn: 'user=postgres password=xxx dbname=CONTROL_ESCOLAR host=localhost port=5432', closed: 0>
04/05/2024 02:16:15 PM DEBUG [connection_db.py: 26] CONEXION A DB EXITOSA: <connection object at 0x0000026DC37DFCD0; dsn: 'user=postgres password=xxx dbname=CONTROL_ESCOLAR host=localhost port=5432', closed: 0>
04/05/2024 02:23:06 PM DEBUG [connection_db.py: 26] CONEXION A DB EXITOSA: <connection object at 0x00000220658FBDE0; dsn: 'user=postgres password=xxx dbname=CONTROL_ESCOLAR host=localhost port=5432', closed: 0>
04/05/2024 02:24:23 PM DEBUG [connection_db.py: 26] CONEXION A DB EXITOSA: <connection object at 0x0000015E600A8150; dsn: 'user=postgres password=xxx dbname=CONTROL_ESCOLAR host=localhost port=5432', closed: 0>
04/05/2024 02:26:49 PM DEBUG [connection_db.py: 26] CONEXION A DB EXITOSA: <connection object at 0x0000023534D3BDE0; dsn: 'user=postgres password=xxx dbname=CONTROL_ESCOLAR host=localhost port=5432', closed: 0>
04/05/2024 02:28:22 PM DEBUG [connection_db.py: 26] CONEXION A DB EXITOSA: <connection object at 0x000001C6ECE48260; dsn: 'user=postgres password=xxx dbname=CONTROL_ESCOLAR host=localhost port=5432', closed: 0>
04/05/2024 02:29:13 PM DEBUG [connection_db.py: 26] CONEXION A DB EXITOSA: <connection object at 0x00000283EB048260; dsn: 'user=postgres password=xxx dbname=CONTROL_ESCOLAR host=localhost port=5432', closed: 0>
04/05/2024 02:44:38 PM DEBUG [connection_db.py: 26] CONEXION A DB EXITOSA: <connection object at 0x00000194DC4EBCD0; dsn: 'user=postgres password=xxx dbname=CONTROL_ESCOLAR host=localhost port=5432', closed: 0>
04/05/2024 02:45:39 PM DEBUG [connection_db.py: 26] CONEXION A DB EXITOSA: <connection object at 0x000001744B67BCD0; dsn: 'user=postgres password=xxx dbname=CONTROL_ESCOLAR host=localhost port=5432', closed: 0>
04/05/2024 03:06:53 PM DEBUG [connection_db.py: 26] CONEXION A DB EXITOSA: <connection object at 0x000001AA1D568260; dsn: 'user=postgres password=xxx dbname=CONTROL_ESCOLAR host=localhost port=5432', closed: 0>
04/05/2024 03:14:59 PM DEBUG [connection_db.py: 26] CONEXION A DB EXITOSA: <connection object at 0x0000013B3FE1BCD0; dsn: 'user=postgres password=xxx dbname=CONTROL_ESCOLAR host=localhost port=5432', closed: 0>
04/05/2024 03:16:34 PM DEBUG [connection_db.py: 26] CONEXION A DB EXITOSA: <connection object at 0x00000132EE34BCD0; dsn: 'user=postgres password=xxx dbname=CONTROL_ESCOLAR host=localhost port=5432', closed: 0>
04/05/2024 03:39:16 PM DEBUG [connection_db.py: 26] CONEXION A DB EXITOSA: <connection object at 0x0000026BC706FCD0; dsn: 'user=postgres password=xxx dbname=CONTROL_ESCOLAR host=localhost port=5432', closed: 0>
04/05/2024 03:41:18 PM DEBUG [connection_db.py: 26] CONEXION A DB EXITOSA: <connection object at 0x000002A23B95BDE0; dsn: 'user=postgres password=xxx dbname=CONTROL_ESCOLAR host=localhost port=5432', closed: 0>
04/05/2024 03:49:59 PM DEBUG [connection_db.py: 26] CONEXION A DB EXITOSA: <connection object at 0x000002708F2B8260; dsn: 'user=postgres password=xxx dbname=CONTROL_ESCOLAR host=localhost port=5432', closed: 0>
04/05/2024 03:52:20 PM DEBUG [connection_db.py: 26] CONEXION A DB EXITOSA: <connection object at 0x00000215E3D73CD0; dsn: 'user=postgres password=xxx dbname=CONTROL_ESCOLAR host=localhost port=5432', closed: 0>
04/05/2024 03:52:30 PM DEBUG [connection_db.py: 26] CONEXION A DB EXITOSA: <connection object at 0x000001671B218260; dsn: 'user=postgres password=xxx dbname=CONTROL_ESCOLAR host=localhost port=5432', closed: 0>
04/05/2024 04:35:29 PM DEBUG [connection_db.py: 26] CONEXION A DB EXITOSA: <connection object at 0x0000021CDC213EF0; dsn: 'user=postgres password=xxx dbname=CONTROL_ESCOLAR host=localhost port=5432', closed: 0>
04/05/2024 05:23:13 PM DEBUG [connection_db.py: 26] CONEXION A DB EXITOSA: <connection object at 0x000001DDCECABDE0; dsn: 'user=postgres password=xxx dbname=CONTROL_ESCOLAR host=localhost port=5432', closed: 0>
04/05/2024 05:28:36 PM DEBUG [connection_db.py: 26] CONEXION A DB EXITOSA: <connection object at 0x0000018C5F46FDE0; dsn: 'user=postgres password=xxx dbname=CONTROL_ESCOLAR host=localhost port=5432', closed: 0>
04/05/2024 05:30:39 PM DEBUG [connection_db.py: 26] CONEXION A DB EXITOSA: <connection object at 0x00000248491BFDE0; dsn: 'user=postgres password=xxx dbname=CONTROL_ESCOLAR host=localhost port=5432', closed: 0>
04/05/2024 05:31:34 PM DEBUG [connection_db.py: 26] CONEXION A DB EXITOSA: <connection object at 0x000001D620B6FDE0; dsn: 'user=postgres password=xxx dbname=CONTROL_ESCOLAR host=localhost port=5432', closed: 0>
04/05/2024 05:35:41 PM DEBUG [connection_db.py: 26] CONEXION A DB EXITOSA: <connection object at 0x000001B19937FDE0; dsn: 'user=postgres password=xxx dbname=CONTROL_ESCOLAR host=localhost port=5432', closed: 0>
04/05/2024 05:41:10 PM DEBUG [connection_db.py: 26] CONEXION A DB EXITOSA: <connection object at 0x0000019210059470; dsn: 'user=postgres password=xxx dbname=CONTROL_ESCOLAR host=localhost port=5432', closed: 0>
04/05/2024 07:18:15 PM DEBUG [connection_db.py: 26] CONEXION A DB EXITOSA: <connection object at 0x0000020309B1BCD0; dsn: 'user=postgres password=xxx dbname=CONTROL_ESCOLAR host=localhost port=5432', closed: 0>
04/05/2024 07:18:32 PM DEBUG [connection_db.py: 26] CONEXION A DB EXITOSA: <connection object at 0x0000022912FCBCD0; dsn: 'user=postgres password=xxx dbname=CONTROL_ESCOLAR host=localhost port=5432', closed: 0>
04/05/2024 07:22:13 PM DEBUG [connection_db.py: 26] CONEXION A DB EXITOSA: <connection object at 0x0000014CAFB9BCD0; dsn: 'user=postgres password=xxx dbname=CONTROL_ESCOLAR host=localhost port=5432', closed: 0>
04/05/2024 07:23:15 PM DEBUG [connection_db.py: 26] CONEXION A DB EXITOSA: <connection object at 0x000001D3F214BCD0; dsn: 'user=postgres password=xxx dbname=CONTROL_ESCOLAR host=localhost port=5432', closed: 0>
04/05/2024 07:24:20 PM DEBUG [connection_db.py: 26] CONEXION A DB EXITOSA: <connection object at 0x000002A6CE48BCD0; dsn: 'user=postgres password=xxx dbname=CONTROL_ESCOLAR host=localhost port=5432', closed: 0>
04/05/2024 07:31:34 PM DEBUG [connection_db.py: 26] CONEXION A DB EXITOSA: <connection object at 0x000001FCAA7FBCD0; dsn: 'user=postgres password=xxx dbname=CONTROL_ESCOLAR host=localhost port=5432', closed: 0>
04/05/2024 07:32:09 PM DEBUG [connection_db.py: 26] CONEXION A DB EXITOSA: <connection object at 0x00000238C446BCD0; dsn: 'user=postgres password=xxx dbname=CONTROL_ESCOLAR host=localhost port=5432', closed: 0>
04/05/2024 07:32:20 PM DEBUG [connection_db.py: 26] CONEXION A DB EXITOSA: <connection object at 0x000002190765BCD0; dsn: 'user=postgres password=xxx dbname=CONTROL_ESCOLAR host=localhost port=5432', closed: 0>
04/05/2024 07:37:23 PM DEBUG [connection_db.py: 26] CONEXION A DB EXITOSA: <connection object at 0x000001D12E58BCD0; dsn: 'user=postgres password=xxx dbname=CONTROL_ESCOLAR host=localhost port=5432', closed: 0>
04/05/2024 07:38:33 PM DEBUG [connection_db.py: 26] CONEXION A DB EXITOSA: <connection object at 0x000001D3B8DCBCD0; dsn: 'user=postgres password=xxx dbname=CONTROL_ESCOLAR host=localhost port=5432', closed: 0>
04/05/2024 07:41:45 PM DEBUG [connection_db.py: 26] CONEXION A DB EXITOSA: <connection object at 0x0000022AB55ABCD0; dsn: 'user=postgres password=xxx dbname=CONTROL_ESCOLAR host=localhost port=5432', closed: 0>
04/05/2024 07:42:48 PM DEBUG [connection_db.py: 26] CONEXION A DB EXITOSA: <connection object at 0x000001F63D28BCD0; dsn: 'user=postgres password=xxx dbname=CONTROL_ESCOLAR host=localhost port=5432', closed: 0>
04/05/2024 07:43:05 PM DEBUG [connection_db.py: 26] CONEXION A DB EXITOSA: <connection object at 0x0000022C0D14BCD0; dsn: 'user=postgres password=xxx dbname=CONTROL_ESCOLAR host=localhost port=5432', closed: 0>
04/05/2024 07:44:44 PM DEBUG [connection_db.py: 26] CONEXION A DB EXITOSA: <connection object at 0x000002005C297CD0; dsn: 'user=postgres password=xxx dbname=CONTROL_ESCOLAR host=localhost port=5432', closed: 0>
04/05/2024 07:47:21 PM DEBUG [connection_db.py: 26] CONEXION A DB EXITOSA: <connection object at 0x000002286FC83CD0; dsn: 'user=postgres password=xxx dbname=CONTROL_ESCOLAR host=localhost port=5432', closed: 0>
04/05/2024 09:53:35 PM DEBUG [connection_db.py: 26] CONEXION A DB EXITOSA: <connection object at 0x0000019F4B063CD0; dsn: 'user=postgres password=xxx dbname=CONTROL_ESCOLAR host=localhost port=5432', closed: 0>
04/05/2024 09:53:58 PM DEBUG [connection_db.py: 26] CONEXION A DB EXITOSA: <connection object at 0x000001D7C2823CD0; dsn: 'user=postgres password=xxx dbname=CONTROL_ESCOLAR host=localhost port=5432', closed: 0>
04/05/2024 09:55:11 PM DEBUG [connection_db.py: 26] CONEXION A DB EXITOSA: <connection object at 0x00000266BFCFFCD0; dsn: 'user=postgres password=xxx dbname=CONTROL_ESCOLAR host=localhost port=5432', closed: 0>
04/05/2024 10:01:18 PM DEBUG [connection_db.py: 26] CONEXION A DB EXITOSA: <connection object at 0x0000018F5B463CD0; dsn: 'user=postgres password=xxx dbname=CONTROL_ESCOLAR host=localhost port=5432', closed: 0>
04/05/2024 10:02:09 PM DEBUG [connection_db.py: 26] CONEXION A DB EXITOSA: <connection object at 0x00000164CA9C3CD0; dsn: 'user=postgres password=xxx dbname=CONTROL_ESCOLAR host=localhost port=5432', closed: 0>
04/05/2024 10:08:18 PM DEBUG [connection_db.py: 26] CONEXION A DB EXITOSA: <connection object at 0x0000020F1E453CD0; dsn: 'user=postgres password=xxx dbname=CONTROL_ESCOLAR host=localhost port=5432', closed: 0>
04/05/2024 10:12:52 PM DEBUG [connection_db.py: 26] CONEXION A DB EXITOSA: <connection object at 0x0000025E7FA43CD0; dsn: 'user=postgres password=xxx dbname=CONTROL_ESCOLAR host=localhost port=5432', closed: 0>
04/05/2024 10:14:09 PM DEBUG [connection_db.py: 26] CONEXION A DB EXITOSA: <connection object at 0x000001870DD63CD0; dsn: 'user=postgres password=xxx dbname=CONTROL_ESCOLAR host=localhost port=5432', closed: 0>
04/05/2024 10:16:15 PM DEBUG [connection_db.py: 26] CONEXION A DB EXITOSA: <connection object at 0x00000236C2893CD0; dsn: 'user=postgres password=xxx dbname=CONTROL_ESCOLAR host=localhost port=5432', closed: 0>
04/05/2024 10:18:20 PM DEBUG [connection_db.py: 26] CONEXION A DB EXITOSA: <connection object at 0x000001E3F3933CD0; dsn: 'user=postgres password=xxx dbname=CONTROL_ESCOLAR host=localhost port=5432', closed: 0>
04/05/2024 10:23:42 PM DEBUG [connection_db.py: 26] CONEXION A DB EXITOSA: <connection object at 0x000001AF4D853CD0; dsn: 'user=postgres password=xxx dbname=CONTROL_ESCOLAR host=localhost port=5432', closed: 0>
04/05/2024 10:24:20 PM DEBUG [connection_db.py: 26] CONEXION A DB EXITOSA: <connection object at 0x0000023F75AE3CD0; dsn: 'user=postgres password=xxx dbname=CONTROL_ESCOLAR host=localhost port=5432', closed: 0>
04/05/2024 10:39:59 PM DEBUG [connection_db.py: 26] CONEXION A DB EXITOSA: <connection object at 0x000002795C897DE0; dsn: 'user=postgres password=xxx dbname=CONTROL_ESCOLAR host=localhost port=5432', closed: 0>
04/05/2024 10:43:09 PM DEBUG [connection_db.py: 26] CONEXION A DB EXITOSA: <connection object at 0x0000018CCDC67DE0; dsn: 'user=postgres password=xxx dbname=CONTROL_ESCOLAR host=localhost port=5432', closed: 0>
04/05/2024 10:45:58 PM DEBUG [connection_db.py: 26] CONEXION A DB EXITOSA: <connection object at 0x0000021F61247DE0; dsn: 'user=postgres password=xxx dbname=CONTROL_ESCOLAR host=localhost port=5432', closed: 0>
04/05/2024 10:58:31 PM DEBUG [connection_db.py: 26] CONEXION A DB EXITOSA: <connection object at 0x000001B65AF27DE0; dsn: 'user=postgres password=xxx dbname=CONTROL_ESCOLAR host=localhost port=5432', closed: 0>
04/05/2024 11:00:05 PM DEBUG [connection_db.py: 26] CONEXION A DB EXITOSA: <connection object at 0x00000202DBC67DE0; dsn: 'user=postgres password=xxx dbname=CONTROL_ESCOLAR host=localhost port=5432', closed: 0>
04/05/2024 11:00:39 PM DEBUG [connection_db.py: 26] CONEXION A DB EXITOSA: <connection object at 0x000001F595E77DE0; dsn: 'user=postgres password=xxx dbname=CONTROL_ESCOLAR host=localhost port=5432', closed: 0>
04/05/2024 11:01:24 PM DEBUG [connection_db.py: 26] CONEXION A DB EXITOSA: <connection object at 0x000002137B317DE0; dsn: 'user=postgres password=xxx dbname=CONTROL_ESCOLAR host=localhost port=5432', closed: 0>
04/05/2024 11:04:53 PM DEBUG [connection_db.py: 26] CONEXION A DB EXITOSA: <connection object at 0x0000021F972D7DE0; dsn: 'user=postgres password=xxx dbname=CONTROL_ESCOLAR host=localhost port=5432', closed: 0>
04/05/2024 11:05:52 PM DEBUG [connection_db.py: 26] CONEXION A DB EXITOSA: <connection object at 0x000001F98F9B7DE0; dsn: 'user=postgres password=xxx dbname=CONTROL_ESCOLAR host=localhost port=5432', closed: 0>
04/05/2024 11:07:05 PM DEBUG [connection_db.py: 26] CONEXION A DB EXITOSA: <connection object at 0x0000020344868590; dsn: 'user=postgres password=xxx dbname=CONTROL_ESCOLAR host=localhost port=5432', closed: 0>
04/05/2024 11:08:24 PM DEBUG [connection_db.py: 26] CONEXION A DB EXITOSA: <connection object at 0x0000016FEBAAD690; dsn: 'user=postgres password=xxx dbname=CONTROL_ESCOLAR host=localhost port=5432', closed: 0>
06/05/2024 12:24:11 PM DEBUG [connection_db.py: 26] CONEXION A DB EXITOSA: <connection object at 0x00000209C897BDE0; dsn: 'user=postgres password=xxx dbname=CONTROL_ESCOLAR host=localhost port=5432', closed: 0>
06/05/2024 12:27:33 PM DEBUG [connection_db.py: 26] CONEXION A DB EXITOSA: <connection object at 0x000001C4684547B0; dsn: 'user=postgres password=xxx dbname=CONTROL_ESCOLAR host=localhost port=5432', closed: 0>
06/05/2024 12:28:47 PM DEBUG [connection_db.py: 26] CONEXION A DB EXITOSA: <connection object at 0x000001C24EA4BDE0; dsn: 'user=postgres password=xxx dbname=CONTROL_ESCOLAR host=localhost port=5432', closed: 0>
06/05/2024 12:33:54 PM DEBUG [connection_db.py: 26] CONEXION A DB EXITOSA: <connection object at 0x000002105DEFBDE0; dsn: 'user=postgres password=xxx dbname=CONTROL_ESCOLAR host=localhost port=5432', closed: 0>
06/05/2024 12:45:39 PM DEBUG [connection_db.py: 26] CONEXION A DB EXITOSA: <connection object at 0x000002452A56BCD0; dsn: 'user=postgres password=xxx dbname=CONTROL_ESCOLAR host=localhost port=5432', closed: 0>
08/05/2024 04:08:14 AM DEBUG [connection_db.py: 26] CONEXION A DB EXITOSA: <connection object at 0x00000291AD811470; dsn: 'user=postgres password=xxx dbname=CONTROL_ESCOLAR host=localhost port=5432', closed: 0>
08/05/2024 04:10:07 AM DEBUG [connection_db.py: 26] CONEXION A DB EXITOSA: <connection object at 0x000001B60CBA1470; dsn: 'user=postgres password=xxx dbname=CONTROL_ESCOLAR host=localhost port=5432', closed: 0>
08/05/2024 04:11:40 AM DEBUG [connection_db.py: 26] CONEXION A DB EXITOSA: <connection object at 0x00000206FCF81470; dsn: 'user=postgres password=xxx dbname=CONTROL_ESCOLAR host=localhost port=5432', closed: 0>
08/05/2024 04:16:45 AM DEBUG [connection_db.py: 26] CONEXION A DB EXITOSA: <connection object at 0x00000263BA40D690; dsn: 'user=postgres password=xxx dbname=CONTROL_ESCOLAR host=localhost port=5432', closed: 0>
08/05/2024 04:17:55 AM DEBUG [connection_db.py: 26] CONEXION A DB EXITOSA: <connection object at 0x0000021E0951D690; dsn: 'user=postgres password=xxx dbname=CONTROL_ESCOLAR host=localhost port=5432', closed: 0>
08/05/2024 04:19:11 AM DEBUG [connection_db.py: 26] CONEXION A DB EXITOSA: <connection object at 0x000001F1FCB1D690; dsn: 'user=postgres password=xxx dbname=CONTROL_ESCOLAR host=localhost port=5432', closed: 0>
08/05/2024 04:20:08 AM DEBUG [connection_db.py: 26] CONEXION A DB EXITOSA: <connection object at 0x00000270B0E3D690; dsn: 'user=postgres password=xxx dbname=CONTROL_ESCOLAR host=localhost port=5432', closed: 0>
08/05/2024 04:25:16 AM DEBUG [connection_db.py: 26] CONEXION A DB EXITOSA: <connection object at 0x000001E2BA131690; dsn: 'user=postgres password=xxx dbname=CONTROL_ESCOLAR host=localhost port=5432', closed: 0>
08/05/2024 04:25:58 AM DEBUG [connection_db.py: 26] CONEXION A DB EXITOSA: <connection object at 0x00000207538C1690; dsn: 'user=postgres password=xxx dbname=CONTROL_ESCOLAR host=localhost port=5432', closed: 0>
08/05/2024 04:31:34 AM DEBUG [connection_db.py: 26] CONEXION A DB EXITOSA: <connection object at 0x000002EE6C561690; dsn: 'user=postgres password=xxx dbname=CONTROL_ESCOLAR host=localhost port=5432', closed: 0>
08/05/2024 04:31:48 AM DEBUG [connection_db.py: 26] CONEXION A DB EXITOSA: <connection object at 0x000002BA6C231690; dsn: 'user=postgres password=xxx dbname=CONTROL_ESCOLAR host=localhost port=5432', closed: 0>
08/05/2024 04:32:05 AM DEBUG [connection_db.py: 26] CONEXION A DB EXITOSA: <connection object at 0x0000013DEF931690; dsn: 'user=postgres password=xxx dbname=CONTROL_ESCOLAR host=localhost port=5432', closed: 0>
08/05/2024 04:32:14 AM DEBUG [connection_db.py: 26] CONEXION A DB EXITOSA: <connection object at 0x000002082E8A1690; dsn: 'user=postgres password=xxx dbname=CONTROL_ESCOLAR host=localhost port=5432', closed: 0>
08/05/2024 04:32:22 AM DEBUG [connection_db.py: 26] CONEXION A DB EXITOSA: <connection object at 0x00000208E7B31690; dsn: 'user=postgres password=xxx dbname=CONTROL_ESCOLAR host=localhost port=5432', closed: 0>
08/05/2024 04:32:52 AM DEBUG [connection_db.py: 26] CONEXION A DB EXITOSA: <connection object at 0x000002052F3C1690; dsn: 'user=postgres password=xxx dbname=CONTROL_ESCOLAR host=localhost port=5432', closed: 0>
08/05/2024 04:56:48 AM DEBUG [connection_db.py: 26] CONEXION A DB EXITOSA: <connection object at 0x0000013FF6A75690; dsn: 'user=postgres password=xxx dbname=CONTROL_ESCOLAR host=localhost port=5432', closed: 0>
08/05/2024 05:01:21 AM DEBUG [connection_db.py: 26] CONEXION A DB EXITOSA: <connection object at 0x000001CB46535690; dsn: 'user=postgres password=xxx dbname=CONTROL_ESCOLAR host=localhost port=5432', closed: 0>
08/05/2024 05:03:08 AM DEBUG [connection_db.py: 26] CONEXION A DB EXITOSA: <connection object at 0x000001F076415690; dsn: 'user=postgres password=xxx dbname=CONTROL_ESCOLAR host=localhost port=5432', closed: 0>
08/05/2024 05:06:27 AM DEBUG [connection_db.py: 26] CONEXION A DB EXITOSA: <connection object at 0x0000017CDDC55690; dsn: 'user=postgres password=xxx dbname=CONTROL_ESCOLAR host=localhost port=5432', closed: 0>
08/05/2024 05:22:51 AM DEBUG [connection_db.py: 26] CONEXION A DB EXITOSA: <connection object at 0x0000022EEF8DD360; dsn: 'user=postgres password=xxx dbname=CONTROL_ESCOLAR host=localhost port=5432', closed: 0>
